<?xml version="1.0" encoding="UTF-8"?>
<!-- Generated by org.testng.reporters.JUnitXMLReporter -->
<testsuite ignored="0" hostname="GeethaMounika" failures="0" tests="4" name="Test" time="59.247" errors="0" timestamp="2025-03-21T15:12:43 IST">
  <testcase classname="testcases.RegisterTestForNewUser" name="testRegisterPage" time="14.954"/>
  <testcase classname="testcases.RegisterTest" name="testRegisterPage" time="9.409"/>
  <testcase classname="testcases.LoginPageTest" name="loginTest" time="8.56"/>
  <testcase classname="testcases.AddToCartJewelryTest" name="purchaseJewelry" time="16.957"/>
</testsuite> <!-- Test -->
