<?xml version="1.0" encoding="UTF-8"?>
<!-- Generated by org.testng.reporters.JUnitXMLReporter -->
<testsuite ignored="12" hostname="GeethaMounika" failures="0" tests="9" name="Test" time="183.814" errors="0" timestamp="2025-03-26T10:10:04 IST">
  <testcase classname="testcases.RegisterTestForNewUser" name="testRegisterPage" time="19.351"/>
  <testcase classname="testcases.RegisterTest" name="testRegisterPage" time="11.491"/>
  <testcase classname="testcases.LoginPageTest" name="loginTest" time="9.043"/>
  <testcase classname="io.cucumber.testng.AbstractTestNGCucumberTests" name="runScenario" time="12.436"/>
  <testcase classname="testcases.SearchAndAddToCartTest" name="testSearchAndAddToCart" time="13.196"/>
  <testcase classname="testcases.AddToCartJewelryTest" name="purchaseJewelry" time="19.032"/>
  <testcase classname="testcases.CheckOutPageTest" name="checkOutTest" time="46.626"/>
  <testcase classname="io.cucumber.testng.AbstractTestNGCucumberTests" name="runScenario" time="22.414"/>
  <testcase classname="testcases.LogoutWithValidLogin" name="logoutTest" time="11.221"/>
  <testcase classname="base.BaseClass" name="@BeforeSuite clearAllureResults" time="0.0">
    <ignored/>
  </testcase> <!-- @BeforeSuite clearAllureResults -->
  <testcase classname="base.BaseClass" name="@BeforeSuite clearAllureResults" time="0.0">
    <ignored/>
  </testcase> <!-- @BeforeSuite clearAllureResults -->
  <testcase classname="base.BaseClass" name="@BeforeSuite clearAllureResults" time="0.0">
    <ignored/>
  </testcase> <!-- @BeforeSuite clearAllureResults -->
  <testcase classname="base.BaseClass" name="@BeforeSuite clearAllureResults" time="0.0">
    <ignored/>
  </testcase> <!-- @BeforeSuite clearAllureResults -->
  <testcase classname="base.BaseClass" name="@BeforeSuite clearAllureResults" time="0.0">
    <ignored/>
  </testcase> <!-- @BeforeSuite clearAllureResults -->
  <testcase classname="base.BaseClass" name="@BeforeSuite clearAllureResults" time="0.0">
    <ignored/>
  </testcase> <!-- @BeforeSuite clearAllureResults -->
  <testcase classname="base.BaseClass" name="@AfterSuite generateAllureReport" time="0.0">
    <ignored/>
  </testcase> <!-- @AfterSuite generateAllureReport -->
  <testcase classname="base.BaseClass" name="@AfterSuite generateAllureReport" time="0.0">
    <ignored/>
  </testcase> <!-- @AfterSuite generateAllureReport -->
  <testcase classname="base.BaseClass" name="@AfterSuite generateAllureReport" time="0.0">
    <ignored/>
  </testcase> <!-- @AfterSuite generateAllureReport -->
  <testcase classname="base.BaseClass" name="@AfterSuite generateAllureReport" time="0.0">
    <ignored/>
  </testcase> <!-- @AfterSuite generateAllureReport -->
  <testcase classname="base.BaseClass" name="@AfterSuite generateAllureReport" time="0.0">
    <ignored/>
  </testcase> <!-- @AfterSuite generateAllureReport -->
  <testcase classname="base.BaseClass" name="@AfterSuite generateAllureReport" time="0.0">
    <ignored/>
  </testcase> <!-- @AfterSuite generateAllureReport -->
</testsuite> <!-- Test -->
