<?xml version="1.0" encoding="UTF-8"?>
<!-- Generated by org.testng.reporters.JUnitXMLReporter -->
<testsuite ignored="12" hostname="GeethaMounika" failures="0" tests="9" name="Test" time="224.617" errors="0" timestamp="2025-03-26T13:00:24 IST">
  <testcase classname="testcases.RegisterTestForNewUser" name="testRegisterPage" time="21.358"/>
  <testcase classname="testcases.RegisterTest" name="testRegisterPage" time="12.152"/>
  <testcase classname="testcases.LoginPageTest" name="loginTest" time="11.439"/>
  <testcase classname="io.cucumber.testng.AbstractTestNGCucumberTests" name="runScenario" time="12.807"/>
  <testcase classname="testcases.SearchAndAddToCartTest" name="testSearchAndAddToCart" time="13.275"/>
  <testcase classname="testcases.AddToCartJewelryTest" name="purchaseJewelry" time="24.999"/>
  <testcase classname="testcases.CheckOutPageTest" name="checkOutTest" time="50.089"/>
  <testcase classname="io.cucumber.testng.AbstractTestNGCucumberTests" name="runScenario" time="35.745"/>
  <testcase classname="testcases.LogoutWithValidLogin" name="logoutTest" time="14.339"/>
  <testcase classname="base.BaseClass" name="@BeforeSuite clearAllureResults" time="0.0">
    <ignored/>
  </testcase> <!-- @BeforeSuite clearAllureResults -->
  <testcase classname="base.BaseClass" name="@BeforeSuite clearAllureResults" time="0.0">
    <ignored/>
  </testcase> <!-- @BeforeSuite clearAllureResults -->
  <testcase classname="base.BaseClass" name="@BeforeSuite clearAllureResults" time="0.0">
    <ignored/>
  </testcase> <!-- @BeforeSuite clearAllureResults -->
  <testcase classname="base.BaseClass" name="@BeforeSuite clearAllureResults" time="0.0">
    <ignored/>
  </testcase> <!-- @BeforeSuite clearAllureResults -->
  <testcase classname="base.BaseClass" name="@BeforeSuite clearAllureResults" time="0.0">
    <ignored/>
  </testcase> <!-- @BeforeSuite clearAllureResults -->
  <testcase classname="base.BaseClass" name="@BeforeSuite clearAllureResults" time="0.0">
    <ignored/>
  </testcase> <!-- @BeforeSuite clearAllureResults -->
  <testcase classname="base.BaseClass" name="@AfterSuite generateAllureReport" time="0.0">
    <ignored/>
  </testcase> <!-- @AfterSuite generateAllureReport -->
  <testcase classname="base.BaseClass" name="@AfterSuite generateAllureReport" time="0.0">
    <ignored/>
  </testcase> <!-- @AfterSuite generateAllureReport -->
  <testcase classname="base.BaseClass" name="@AfterSuite generateAllureReport" time="0.0">
    <ignored/>
  </testcase> <!-- @AfterSuite generateAllureReport -->
  <testcase classname="base.BaseClass" name="@AfterSuite generateAllureReport" time="0.0">
    <ignored/>
  </testcase> <!-- @AfterSuite generateAllureReport -->
  <testcase classname="base.BaseClass" name="@AfterSuite generateAllureReport" time="0.0">
    <ignored/>
  </testcase> <!-- @AfterSuite generateAllureReport -->
  <testcase classname="base.BaseClass" name="@AfterSuite generateAllureReport" time="0.0">
    <ignored/>
  </testcase> <!-- @AfterSuite generateAllureReport -->
</testsuite> <!-- Test -->
