<?xml version="1.0" encoding="UTF-8"?>
<!-- Generated by org.testng.reporters.JUnitXMLReporter -->
<testsuite ignored="10" hostname="GeethaMounika" failures="0" tests="8" name="Test" time="133.44" errors="0" timestamp="2025-03-26T01:35:22 IST">
  <testcase classname="testcases.RegisterTest" name="testRegisterPage" time="12.365"/>
  <testcase classname="testcases.LoginPageTest" name="loginTest" time="8.06"/>
  <testcase classname="io.cucumber.testng.AbstractTestNGCucumberTests" name="runScenario" time="8.328"/>
  <testcase classname="testcases.SearchAndAddToCartTest" name="testSearchAndAddToCart" time="10.41"/>
  <testcase classname="testcases.AddToCartJewelryTest" name="purchaseJewelry" time="15.378"/>
  <testcase classname="testcases.CheckOutPageTest" name="checkOutTest" time="36.922"/>
  <testcase classname="io.cucumber.testng.AbstractTestNGCucumberTests" name="runScenario" time="19.535"/>
  <testcase classname="testcases.LogoutWithValidLogin" name="logoutTest" time="8.263"/>
  <testcase classname="base.BaseClass" name="@BeforeSuite clearAllureResults" time="0.0">
    <ignored/>
  </testcase> <!-- @BeforeSuite clearAllureResults -->
  <testcase classname="base.BaseClass" name="@BeforeSuite clearAllureResults" time="0.0">
    <ignored/>
  </testcase> <!-- @BeforeSuite clearAllureResults -->
  <testcase classname="base.BaseClass" name="@BeforeSuite clearAllureResults" time="0.0">
    <ignored/>
  </testcase> <!-- @BeforeSuite clearAllureResults -->
  <testcase classname="base.BaseClass" name="@BeforeSuite clearAllureResults" time="0.0">
    <ignored/>
  </testcase> <!-- @BeforeSuite clearAllureResults -->
  <testcase classname="base.BaseClass" name="@BeforeSuite clearAllureResults" time="0.0">
    <ignored/>
  </testcase> <!-- @BeforeSuite clearAllureResults -->
  <testcase classname="base.BaseClass" name="@AfterSuite generateAllureReport" time="0.0">
    <ignored/>
  </testcase> <!-- @AfterSuite generateAllureReport -->
  <testcase classname="base.BaseClass" name="@AfterSuite generateAllureReport" time="0.0">
    <ignored/>
  </testcase> <!-- @AfterSuite generateAllureReport -->
  <testcase classname="base.BaseClass" name="@AfterSuite generateAllureReport" time="0.0">
    <ignored/>
  </testcase> <!-- @AfterSuite generateAllureReport -->
  <testcase classname="base.BaseClass" name="@AfterSuite generateAllureReport" time="0.0">
    <ignored/>
  </testcase> <!-- @AfterSuite generateAllureReport -->
  <testcase classname="base.BaseClass" name="@AfterSuite generateAllureReport" time="0.0">
    <ignored/>
  </testcase> <!-- @AfterSuite generateAllureReport -->
</testsuite> <!-- Test -->
