<?xml version="1.0" encoding="UTF-8"?>
<testng-results ignored="12" total="21" passed="9" failed="0" skipped="0">
  <reporter-output>
  </reporter-output>
  <suite started-at="2025-03-26T12:56:39 IST" name="Suite" finished-at="2025-03-26T13:00:23 IST" duration-ms="224617">
    <groups>
      <group name="cucumber">
        <method signature="AbstractTestNGCucumberTests.runScenario(io.cucumber.testng.PickleWrapper, io.cucumber.testng.FeatureWrapper)[pri:0, instance:myrunner.LoginStepsRunner@6304101a]" name="runScenario" class="io.cucumber.testng.AbstractTestNGCucumberTests"/>
        <method signature="AbstractTestNGCucumberTests.runScenario(io.cucumber.testng.PickleWrapper, io.cucumber.testng.FeatureWrapper)[pri:0, instance:myrunner.RemoveJewelryFromCartRunner@5170bcf4]" name="runScenario" class="io.cucumber.testng.AbstractTestNGCucumberTests"/>
      </group> <!-- cucumber -->
    </groups>
    <test started-at="2025-03-26T12:56:39 IST" name="Test" finished-at="2025-03-26T13:00:23 IST" duration-ms="224617">
      <class name="myrunner.RemoveJewelryFromCartRunner">
        <test-method is-config="true" signature="setUpClass(org.testng.ITestContext)[pri:0, instance:myrunner.RemoveJewelryFromCartRunner@5170bcf4]" started-at="2025-03-26T12:59:08 IST" name="setUpClass" finished-at="2025-03-26T12:59:10 IST" duration-ms="1552" status="PASS">
          <params>
            <param index="0">
              <value>
                <![CDATA[org.testng.TestRunner@20960b51]]>
              </value>
            </param>
          </params>
          <reporter-output>
          </reporter-output>
        </test-method> <!-- setUpClass -->
        <test-method signature="runScenario(io.cucumber.testng.PickleWrapper, io.cucumber.testng.FeatureWrapper)[pri:0, instance:myrunner.RemoveJewelryFromCartRunner@5170bcf4]" started-at="2025-03-26T12:59:10 IST" name="runScenario" description="Runs Cucumber Scenarios" data-provider="scenarios" finished-at="2025-03-26T12:59:45 IST" duration-ms="35745" status="PASS">
          <params>
            <param index="0">
              <value>
                <![CDATA["To remove product from cart"]]>
              </value>
            </param>
            <param index="1">
              <value>
                <![CDATA["To check the functionality of removing Product From Cart"]]>
              </value>
            </param>
          </params>
          <reporter-output>
          </reporter-output>
        </test-method> <!-- runScenario -->
        <test-method is-config="true" signature="tearDownClass()[pri:0, instance:myrunner.RemoveJewelryFromCartRunner@5170bcf4]" started-at="2025-03-26T12:59:45 IST" name="tearDownClass" finished-at="2025-03-26T12:59:46 IST" duration-ms="82" status="PASS">
          <reporter-output>
          </reporter-output>
        </test-method> <!-- tearDownClass -->
      </class> <!-- myrunner.RemoveJewelryFromCartRunner -->
      <class name="testcases.RegisterTestForNewUser">
        <test-method is-config="true" signature="clearAllureResults()[pri:0, instance:testcases.RegisterTestForNewUser@30c8681]" started-at="2025-03-26T12:56:39 IST" name="clearAllureResults" finished-at="2025-03-26T12:56:39 IST" duration-ms="28" status="PASS">
          <reporter-output>
          </reporter-output>
        </test-method> <!-- clearAllureResults -->
        <test-method is-config="true" signature="readData()[pri:0, instance:testcases.RegisterTestForNewUser@30c8681]" started-at="2025-03-26T12:56:39 IST" name="readData" finished-at="2025-03-26T12:56:39 IST" duration-ms="2" status="PASS">
          <reporter-output>
          </reporter-output>
        </test-method> <!-- readData -->
        <test-method signature="testRegisterPage(java.lang.String)[pri:1, instance:testcases.RegisterTestForNewUser@30c8681]" started-at="2025-03-26T12:56:39 IST" name="testRegisterPage" finished-at="2025-03-26T12:57:01 IST" duration-ms="21358" status="PASS">
          <params>
            <param index="0">
              <value>
                <![CDATA[chrome]]>
              </value>
            </param>
          </params>
          <reporter-output>
          </reporter-output>
        </test-method> <!-- testRegisterPage -->
        <test-method is-config="true" signature="closeBrowser()[pri:0, instance:testcases.RegisterTestForNewUser@30c8681]" started-at="2025-03-26T13:00:19 IST" name="closeBrowser" finished-at="2025-03-26T13:00:21 IST" duration-ms="2478" status="PASS">
          <reporter-output>
          </reporter-output>
        </test-method> <!-- closeBrowser -->
        <test-method is-config="true" signature="generateAllureReport()[pri:0, instance:testcases.RegisterTestForNewUser@30c8681]" started-at="2025-03-26T13:00:24 IST" name="generateAllureReport" finished-at="2025-03-26T13:00:34 IST" duration-ms="10262" status="PASS">
          <reporter-output>
          </reporter-output>
        </test-method> <!-- generateAllureReport -->
      </class> <!-- testcases.RegisterTestForNewUser -->
      <class name="testcases.RegisterTest">
        <test-method is-config="true" signature="readData()[pri:0, instance:testcases.RegisterTest@5cdec700]" started-at="2025-03-26T12:56:39 IST" name="readData" finished-at="2025-03-26T12:56:39 IST" duration-ms="2" status="PASS">
          <reporter-output>
          </reporter-output>
        </test-method> <!-- readData -->
        <test-method signature="testRegisterPage(java.lang.String)[pri:1, instance:testcases.RegisterTest@5cdec700]" started-at="2025-03-26T12:57:01 IST" name="testRegisterPage" finished-at="2025-03-26T12:57:13 IST" duration-ms="12152" status="PASS">
          <params>
            <param index="0">
              <value>
                <![CDATA[chrome]]>
              </value>
            </param>
          </params>
          <reporter-output>
          </reporter-output>
        </test-method> <!-- testRegisterPage -->
        <test-method is-config="true" signature="closeBrowser()[pri:0, instance:testcases.RegisterTest@5cdec700]" started-at="2025-03-26T13:00:16 IST" name="closeBrowser" finished-at="2025-03-26T13:00:19 IST" duration-ms="2933" status="PASS">
          <reporter-output>
          </reporter-output>
        </test-method> <!-- closeBrowser -->
      </class> <!-- testcases.RegisterTest -->
      <class name="testcases.SearchAndAddToCartTest">
        <test-method is-config="true" signature="readData()[pri:0, instance:testcases.SearchAndAddToCartTest@78aa1f72]" started-at="2025-03-26T12:56:39 IST" name="readData" finished-at="2025-03-26T12:56:39 IST" duration-ms="1" status="PASS">
          <reporter-output>
          </reporter-output>
        </test-method> <!-- readData -->
        <test-method signature="testSearchAndAddToCart(java.lang.String)[pri:0, instance:testcases.SearchAndAddToCartTest@78aa1f72]" started-at="2025-03-26T12:57:39 IST" name="testSearchAndAddToCart" finished-at="2025-03-26T12:57:53 IST" duration-ms="13275" status="PASS">
          <params>
            <param index="0">
              <value>
                <![CDATA[chrome]]>
              </value>
            </param>
          </params>
          <reporter-output>
          </reporter-output>
        </test-method> <!-- testSearchAndAddToCart -->
        <test-method is-config="true" signature="closeBrowser()[pri:0, instance:testcases.SearchAndAddToCartTest@78aa1f72]" started-at="2025-03-26T13:00:21 IST" name="closeBrowser" finished-at="2025-03-26T13:00:23 IST" duration-ms="2138" status="PASS">
          <reporter-output>
          </reporter-output>
        </test-method> <!-- closeBrowser -->
      </class> <!-- testcases.SearchAndAddToCartTest -->
      <class name="testcases.CheckOutPageTest">
        <test-method is-config="true" signature="readData()[pri:0, instance:testcases.CheckOutPageTest@35399441]" started-at="2025-03-26T12:56:39 IST" name="readData" finished-at="2025-03-26T12:56:39 IST" duration-ms="3" status="PASS">
          <reporter-output>
          </reporter-output>
        </test-method> <!-- readData -->
        <test-method signature="checkOutTest(java.lang.String)[pri:0, instance:testcases.CheckOutPageTest@35399441]" started-at="2025-03-26T12:58:18 IST" name="checkOutTest" finished-at="2025-03-26T12:59:08 IST" duration-ms="50089" status="PASS">
          <params>
            <param index="0">
              <value>
                <![CDATA[chrome]]>
              </value>
            </param>
          </params>
          <reporter-output>
          </reporter-output>
        </test-method> <!-- checkOutTest -->
        <test-method is-config="true" signature="closeBrowser()[pri:0, instance:testcases.CheckOutPageTest@35399441]" started-at="2025-03-26T13:00:09 IST" name="closeBrowser" finished-at="2025-03-26T13:00:11 IST" duration-ms="2216" status="PASS">
          <reporter-output>
          </reporter-output>
        </test-method> <!-- closeBrowser -->
      </class> <!-- testcases.CheckOutPageTest -->
      <class name="testcases.LoginPageTest">
        <test-method is-config="true" signature="readData()[pri:0, instance:testcases.LoginPageTest@6d026701]" started-at="2025-03-26T12:56:39 IST" name="readData" finished-at="2025-03-26T12:56:39 IST" duration-ms="2" status="PASS">
          <reporter-output>
          </reporter-output>
        </test-method> <!-- readData -->
        <test-method signature="loginTest(java.lang.String)[pri:0, instance:testcases.LoginPageTest@6d026701]" started-at="2025-03-26T12:57:13 IST" name="loginTest" finished-at="2025-03-26T12:57:25 IST" duration-ms="11439" status="PASS">
          <params>
            <param index="0">
              <value>
                <![CDATA[chrome]]>
              </value>
            </param>
          </params>
          <reporter-output>
          </reporter-output>
        </test-method> <!-- loginTest -->
        <test-method is-config="true" signature="closeBrowser()[pri:0, instance:testcases.LoginPageTest@6d026701]" started-at="2025-03-26T13:00:11 IST" name="closeBrowser" finished-at="2025-03-26T13:00:14 IST" duration-ms="2091" status="PASS">
          <reporter-output>
          </reporter-output>
        </test-method> <!-- closeBrowser -->
      </class> <!-- testcases.LoginPageTest -->
      <class name="myrunner.LoginStepsRunner">
        <test-method is-config="true" signature="setUpClass(org.testng.ITestContext)[pri:0, instance:myrunner.LoginStepsRunner@6304101a]" started-at="2025-03-26T12:57:25 IST" name="setUpClass" finished-at="2025-03-26T12:57:26 IST" duration-ms="1835" status="PASS">
          <params>
            <param index="0">
              <value>
                <![CDATA[org.testng.TestRunner@20960b51]]>
              </value>
            </param>
          </params>
          <reporter-output>
          </reporter-output>
        </test-method> <!-- setUpClass -->
        <test-method signature="runScenario(io.cucumber.testng.PickleWrapper, io.cucumber.testng.FeatureWrapper)[pri:0, instance:myrunner.LoginStepsRunner@6304101a]" started-at="2025-03-26T12:57:26 IST" name="runScenario" description="Runs Cucumber Scenarios" data-provider="scenarios" finished-at="2025-03-26T12:57:39 IST" duration-ms="12807" status="PASS">
          <params>
            <param index="0">
              <value>
                <![CDATA["validate the login functionality with Invalid credentials"]]>
              </value>
            </param>
            <param index="1">
              <value>
                <![CDATA["feature is to check the functionality of Demo Web Shop"]]>
              </value>
            </param>
          </params>
          <reporter-output>
          </reporter-output>
        </test-method> <!-- runScenario -->
        <test-method is-config="true" signature="tearDownClass()[pri:0, instance:myrunner.LoginStepsRunner@6304101a]" started-at="2025-03-26T12:57:39 IST" name="tearDownClass" finished-at="2025-03-26T12:57:39 IST" duration-ms="42" status="PASS">
          <reporter-output>
          </reporter-output>
        </test-method> <!-- tearDownClass -->
      </class> <!-- myrunner.LoginStepsRunner -->
      <class name="testcases.LogoutWithValidLogin">
        <test-method is-config="true" signature="readData()[pri:0, instance:testcases.LogoutWithValidLogin@4b7dc788]" started-at="2025-03-26T12:56:39 IST" name="readData" finished-at="2025-03-26T12:56:39 IST" duration-ms="1" status="PASS">
          <reporter-output>
          </reporter-output>
        </test-method> <!-- readData -->
        <test-method signature="logoutTest(java.lang.String)[pri:0, instance:testcases.LogoutWithValidLogin@4b7dc788]" started-at="2025-03-26T12:59:46 IST" name="logoutTest" finished-at="2025-03-26T13:00:00 IST" duration-ms="14339" status="PASS">
          <params>
            <param index="0">
              <value>
                <![CDATA[chrome]]>
              </value>
            </param>
          </params>
          <reporter-output>
          </reporter-output>
        </test-method> <!-- logoutTest -->
        <test-method is-config="true" signature="closeBrowser()[pri:0, instance:testcases.LogoutWithValidLogin@4b7dc788]" started-at="2025-03-26T13:00:14 IST" name="closeBrowser" finished-at="2025-03-26T13:00:16 IST" duration-ms="2136" status="PASS">
          <reporter-output>
          </reporter-output>
        </test-method> <!-- closeBrowser -->
      </class> <!-- testcases.LogoutWithValidLogin -->
      <class name="testcases.AddToCartJewelryTest">
        <test-method is-config="true" signature="readData()[pri:0, instance:testcases.AddToCartJewelryTest@1f75a668]" started-at="2025-03-26T12:56:39 IST" name="readData" finished-at="2025-03-26T12:56:39 IST" duration-ms="672" status="PASS">
          <reporter-output>
          </reporter-output>
        </test-method> <!-- readData -->
        <test-method signature="purchaseJewelry(java.lang.String)[pri:1, instance:testcases.AddToCartJewelryTest@1f75a668]" started-at="2025-03-26T12:57:53 IST" name="purchaseJewelry" finished-at="2025-03-26T12:58:18 IST" duration-ms="24999" status="PASS">
          <params>
            <param index="0">
              <value>
                <![CDATA[chrome]]>
              </value>
            </param>
          </params>
          <reporter-output>
          </reporter-output>
        </test-method> <!-- purchaseJewelry -->
        <test-method is-config="true" signature="closeBrowser()[pri:0, instance:testcases.AddToCartJewelryTest@1f75a668]" started-at="2025-03-26T13:00:00 IST" name="closeBrowser" finished-at="2025-03-26T13:00:09 IST" duration-ms="9352" status="PASS">
          <reporter-output>
          </reporter-output>
        </test-method> <!-- closeBrowser -->
      </class> <!-- testcases.AddToCartJewelryTest -->
    </test> <!-- Test -->
  </suite> <!-- Suite -->
</testng-results>
