<?xml version="1.0" encoding="UTF-8"?>
<testng-results ignored="0" total="3" passed="3" failed="0" skipped="0">
  <reporter-output>
  </reporter-output>
  <suite started-at="2025-03-21T10:23:01 IST" name="Suite" finished-at="2025-03-21T10:23:41 IST" duration-ms="40014">
    <groups>
    </groups>
    <test started-at="2025-03-21T10:23:01 IST" name="Test" finished-at="2025-03-21T10:23:41 IST" duration-ms="40014">
      <class name="testcases.RegisterTest">
        <test-method is-config="true" signature="readData()[pri:0, instance:testcases.RegisterTest@8317c52]" started-at="2025-03-21T10:23:01 IST" name="readData" finished-at="2025-03-21T10:23:01 IST" duration-ms="0" status="PASS">
          <reporter-output>
          </reporter-output>
        </test-method> <!-- readData -->
        <test-method signature="testRegisterPage(java.lang.String)[pri:1, instance:testcases.RegisterTest@8317c52]" started-at="2025-03-21T10:23:01 IST" name="testRegisterPage" finished-at="2025-03-21T10:23:12 IST" duration-ms="10573" status="PASS">
          <params>
            <param index="0">
              <value>
                <![CDATA[chrome]]>
              </value>
            </param>
          </params>
          <reporter-output>
          </reporter-output>
        </test-method> <!-- testRegisterPage -->
        <test-method is-config="true" signature="closeBrowser()[pri:0, instance:testcases.RegisterTest@8317c52]" started-at="2025-03-21T10:23:39 IST" name="closeBrowser" finished-at="2025-03-21T10:23:41 IST" duration-ms="2030" status="PASS">
          <reporter-output>
          </reporter-output>
        </test-method> <!-- closeBrowser -->
      </class> <!-- testcases.RegisterTest -->
      <class name="testcases.LoginPageTest">
        <test-method is-config="true" signature="readData()[pri:0, instance:testcases.LoginPageTest@76f2bbc1]" started-at="2025-03-21T10:23:01 IST" name="readData" finished-at="2025-03-21T10:23:01 IST" duration-ms="1" status="PASS">
          <reporter-output>
          </reporter-output>
        </test-method> <!-- readData -->
        <test-method signature="loginTest(java.lang.String)[pri:0, instance:testcases.LoginPageTest@76f2bbc1]" started-at="2025-03-21T10:23:12 IST" name="loginTest" finished-at="2025-03-21T10:23:20 IST" duration-ms="8699" status="PASS">
          <params>
            <param index="0">
              <value>
                <![CDATA[chrome]]>
              </value>
            </param>
          </params>
          <reporter-output>
          </reporter-output>
        </test-method> <!-- loginTest -->
        <test-method is-config="true" signature="closeBrowser()[pri:0, instance:testcases.LoginPageTest@76f2bbc1]" started-at="2025-03-21T10:23:37 IST" name="closeBrowser" finished-at="2025-03-21T10:23:39 IST" duration-ms="2060" status="PASS">
          <reporter-output>
          </reporter-output>
        </test-method> <!-- closeBrowser -->
      </class> <!-- testcases.LoginPageTest -->
      <class name="testcases.AddToCartJewelryTest">
        <test-method is-config="true" signature="readData()[pri:0, instance:testcases.AddToCartJewelryTest@68e965f5]" started-at="2025-03-21T10:23:01 IST" name="readData" finished-at="2025-03-21T10:23:01 IST" duration-ms="278" status="PASS">
          <reporter-output>
          </reporter-output>
        </test-method> <!-- readData -->
        <test-method signature="purchaseJewelry(java.lang.String)[pri:0, instance:testcases.AddToCartJewelryTest@68e965f5]" started-at="2025-03-21T10:23:20 IST" name="purchaseJewelry" finished-at="2025-03-21T10:23:33 IST" duration-ms="13210" status="PASS">
          <params>
            <param index="0">
              <value>
                <![CDATA[chrome]]>
              </value>
            </param>
          </params>
          <reporter-output>
          </reporter-output>
        </test-method> <!-- purchaseJewelry -->
        <test-method is-config="true" signature="closeBrowser()[pri:0, instance:testcases.AddToCartJewelryTest@68e965f5]" started-at="2025-03-21T10:23:33 IST" name="closeBrowser" finished-at="2025-03-21T10:23:37 IST" duration-ms="3132" status="PASS">
          <reporter-output>
          </reporter-output>
        </test-method> <!-- closeBrowser -->
      </class> <!-- testcases.AddToCartJewelryTest -->
    </test> <!-- Test -->
  </suite> <!-- Suite -->
</testng-results>
