<?xml version="1.0" encoding="UTF-8"?>
<testng-results ignored="0" total="1" passed="1" failed="0" skipped="0">
  <reporter-output>
  </reporter-output>
  <suite started-at="2025-03-23T22:50:48 IST" name="Suite" finished-at="2025-03-23T22:51:27 IST" duration-ms="38866">
    <groups>
    </groups>
    <test started-at="2025-03-23T22:50:48 IST" name="Test" finished-at="2025-03-23T22:51:27 IST" duration-ms="38866">
      <class name="testcases.CheckOutPageTest">
        <test-method is-config="true" signature="readData()[pri:0, instance:testcases.CheckOutPageTest@3d5c822d]" started-at="2025-03-23T22:50:48 IST" name="readData" finished-at="2025-03-23T22:50:48 IST" duration-ms="310" status="PASS">
          <reporter-output>
          </reporter-output>
        </test-method> <!-- readData -->
        <test-method signature="checkOutTest(java.lang.String)[pri:0, instance:testcases.CheckOutPageTest@3d5c822d]" started-at="2025-03-23T22:50:48 IST" name="checkOutTest" finished-at="2025-03-23T22:51:27 IST" duration-ms="38521" status="PASS">
          <params>
            <param index="0">
              <value>
                <![CDATA[chrome]]>
              </value>
            </param>
          </params>
          <reporter-output>
          </reporter-output>
        </test-method> <!-- checkOutTest -->
      </class> <!-- testcases.CheckOutPageTest -->
    </test> <!-- Test -->
  </suite> <!-- Suite -->
</testng-results>
